[2026-05-12T21:54:49.177Z] Importando versão BSB
[2026-05-12T21:54:49.190Z] Erro na versão BSB: error: column "code" of relation "languages" does not exist
[2026-05-12T21:54:49.190Z] Importando versão KJV2006
[2026-05-12T21:54:49.193Z] Erro na versão KJV2006: error: column "code" of relation "languages" does not exist
[2026-05-12T21:54:49.193Z] Importação finalizada.
[2026-05-12T21:59:16.886Z] Importando versão BSB
[2026-05-12T21:59:16.901Z] Erro na versão BSB: error: null value in column "Id" of relation "languages" violates not-null constraint
[2026-05-12T21:59:16.901Z] Importando versão KJV2006
[2026-05-12T21:59:16.905Z] Erro na versão KJV2006: error: null value in column "Id" of relation "languages" violates not-null constraint
[2026-05-12T21:59:16.905Z] Importação finalizada.
[2026-05-12T22:01:16.630Z] Importando versão BSB
[2026-05-12T22:01:16.664Z] Erro na versão BSB: error: insert or update on table "book_titles" violates foreign key constraint "FK_book_titles_books_BookId"
[2026-05-12T22:01:16.664Z] Importando versão KJV2006
[2026-05-12T22:01:16.672Z] Erro na versão KJV2006: error: insert or update on table "book_titles" violates foreign key constraint "FK_book_titles_books_BookId"
[2026-05-12T22:01:16.672Z] Importação finalizada.
[2026-05-12T22:01:56.564Z] Importando versão BSB
[2026-05-12T22:01:56.579Z] Erro na versão BSB: error: insert or update on table "book_titles" violates foreign key constraint "FK_book_titles_books_BookId"
[2026-05-12T22:01:56.580Z] Importando versão KJV2006
[2026-05-12T22:01:56.588Z] Erro na versão KJV2006: error: insert or update on table "book_titles" violates foreign key constraint "FK_book_titles_books_BookId"
[2026-05-12T22:01:56.588Z] Importação finalizada.
[2026-05-12T22:02:50.887Z] Importando versão BSB
[2026-05-12T22:02:50.988Z] Lendo 1CH.usfm
[2026-05-12T22:02:50.991Z] Lendo 1CO.usfm
[2026-05-12T22:02:50.992Z] Lendo 1JN.usfm
[2026-05-12T22:02:50.993Z] Lendo 1KI.usfm
[2026-05-12T22:02:50.994Z] Lendo 1PE.usfm
[2026-05-12T22:02:50.994Z] Lendo 1SA.usfm
[2026-05-12T22:02:50.996Z] Lendo 1TH.usfm
[2026-05-12T22:02:50.997Z] Lendo 1TI.usfm
[2026-05-12T22:02:50.997Z] Lendo 2CH.usfm
[2026-05-12T22:02:50.998Z] Lendo 2CO.usfm
[2026-05-12T22:02:50.999Z] Lendo 2JN.usfm
[2026-05-12T22:02:50.999Z] Lendo 2KI.usfm
[2026-05-12T22:02:51.000Z] Lendo 2PE.usfm
[2026-05-12T22:02:51.001Z] Lendo 2SA.usfm
[2026-05-12T22:02:51.002Z] Lendo 2TH.usfm
[2026-05-12T22:02:51.003Z] Lendo 2TI.usfm
[2026-05-12T22:02:51.004Z] Lendo 3JN.usfm
[2026-05-12T22:02:51.004Z] Lendo ACT.usfm
[2026-05-12T22:02:51.005Z] Lendo AMO.usfm
[2026-05-12T22:02:51.006Z] Lendo COL.usfm
[2026-05-12T22:02:51.006Z] Lendo DAN.usfm
[2026-05-12T22:02:51.007Z] Lendo DEU.usfm
[2026-05-12T22:02:51.008Z] Lendo ECC.usfm
[2026-05-12T22:02:51.009Z] Lendo EPH.usfm
[2026-05-12T22:02:51.009Z] Lendo EST.usfm
[2026-05-12T22:02:51.010Z] Lendo EXO.usfm
[2026-05-12T22:02:51.011Z] Lendo EZK.usfm
[2026-05-12T22:02:51.012Z] Lendo EZR.usfm
[2026-05-12T22:02:51.013Z] Lendo GAL.usfm
[2026-05-12T22:02:51.014Z] Lendo GEN.usfm
[2026-05-12T22:02:51.015Z] Lendo HAB.usfm
[2026-05-12T22:02:51.016Z] Lendo HAG.usfm
[2026-05-12T22:02:51.016Z] Lendo HEB.usfm
[2026-05-12T22:02:51.017Z] Lendo HOS.usfm
[2026-05-12T22:02:51.018Z] Lendo ISA.usfm
[2026-05-12T22:02:51.019Z] Lendo JAS.usfm
[2026-05-12T22:02:51.019Z] Lendo JDG.usfm
[2026-05-12T22:02:51.020Z] Lendo JER.usfm
[2026-05-12T22:02:51.022Z] Lendo JHN.usfm
[2026-05-12T22:02:51.023Z] Lendo JOB.usfm
[2026-05-12T22:02:51.024Z] Lendo JOL.usfm
[2026-05-12T22:02:51.025Z] Lendo JON.usfm
[2026-05-12T22:02:51.025Z] Lendo JOS.usfm
[2026-05-12T22:02:51.026Z] Lendo JUD.usfm
[2026-05-12T22:02:51.027Z] Lendo LAM.usfm
[2026-05-12T22:02:51.027Z] Lendo LEV.usfm
[2026-05-12T22:02:51.028Z] Lendo LUK.usfm
[2026-05-12T22:02:51.029Z] Lendo MAL.usfm
[2026-05-12T22:02:51.030Z] Lendo MAT.usfm
[2026-05-12T22:02:51.031Z] Lendo MIC.usfm
[2026-05-12T22:02:51.032Z] Lendo MRK.usfm
[2026-05-12T22:02:51.033Z] Lendo NAM.usfm
[2026-05-12T22:02:51.033Z] Lendo NEH.usfm
[2026-05-12T22:02:51.034Z] Lendo NUM.usfm
[2026-05-12T22:02:51.035Z] Lendo OBA.usfm
[2026-05-12T22:02:51.036Z] Lendo PHM.usfm
[2026-05-12T22:02:51.036Z] Lendo PHP.usfm
[2026-05-12T22:02:51.037Z] Lendo PRO.usfm
[2026-05-12T22:02:51.038Z] Lendo PSA.usfm
[2026-05-12T22:02:51.040Z] Lendo REV.usfm
[2026-05-12T22:02:51.041Z] Lendo ROM.usfm
[2026-05-12T22:02:51.042Z] Lendo RUT.usfm
[2026-05-12T22:02:51.042Z] Lendo SNG.usfm
[2026-05-12T22:02:51.043Z] Lendo TIT.usfm
[2026-05-12T22:02:51.043Z] Lendo ZEC.usfm
[2026-05-12T22:02:51.044Z] Lendo ZEP.usfm
[2026-05-12T22:02:51.044Z] Total de versículos: 0
[2026-05-12T22:02:51.052Z] Versão BSB importada.
[2026-05-12T22:02:51.052Z] Importando versão KJV2006
[2026-05-12T22:02:51.139Z] Lendo 02-GENeng-kjv2006.usfm
[2026-05-12T22:02:51.148Z] Lendo 03-EXOeng-kjv2006.usfm
[2026-05-12T22:02:51.159Z] Lendo 04-LEVeng-kjv2006.usfm
[2026-05-12T22:02:51.165Z] Lendo 05-NUMeng-kjv2006.usfm
[2026-05-12T22:02:51.174Z] Lendo 06-DEUeng-kjv2006.usfm
[2026-05-12T22:02:51.183Z] Lendo 07-JOSeng-kjv2006.usfm
[2026-05-12T22:02:51.188Z] Lendo 08-JDGeng-kjv2006.usfm
[2026-05-12T22:02:51.192Z] Lendo 09-RUTeng-kjv2006.usfm
[2026-05-12T22:02:51.194Z] Lendo 10-1SAeng-kjv2006.usfm
[2026-05-12T22:02:51.202Z] Lendo 11-2SAeng-kjv2006.usfm
[2026-05-12T22:02:51.208Z] Lendo 12-1KIeng-kjv2006.usfm
[2026-05-12T22:02:51.215Z] Lendo 13-2KIeng-kjv2006.usfm
[2026-05-12T22:02:51.223Z] Lendo 14-1CHeng-kjv2006.usfm
[2026-05-12T22:02:51.229Z] Lendo 15-2CHeng-kjv2006.usfm
[2026-05-12T22:02:51.235Z] Lendo 16-EZReng-kjv2006.usfm
[2026-05-12T22:02:51.239Z] Lendo 17-NEHeng-kjv2006.usfm
[2026-05-12T22:02:51.242Z] Lendo 18-ESTeng-kjv2006.usfm
[2026-05-12T22:02:51.244Z] Lendo 19-JOBeng-kjv2006.usfm
[2026-05-12T22:02:51.249Z] Lendo 20-PSAeng-kjv2006.usfm
[2026-05-12T22:02:51.262Z] Lendo 21-PROeng-kjv2006.usfm
[2026-05-12T22:02:51.267Z] Lendo 22-ECCeng-kjv2006.usfm
[2026-05-12T22:02:51.269Z] Lendo 23-SNGeng-kjv2006.usfm
[2026-05-12T22:02:51.271Z] Lendo 24-ISAeng-kjv2006.usfm
[2026-05-12T22:02:51.281Z] Lendo 25-JEReng-kjv2006.usfm
[2026-05-12T22:02:51.291Z] Lendo 26-LAMeng-kjv2006.usfm
[2026-05-12T22:02:51.292Z] Lendo 27-EZKeng-kjv2006.usfm
[2026-05-12T22:02:51.302Z] Lendo 28-DANeng-kjv2006.usfm
[2026-05-12T22:02:51.306Z] Lendo 29-HOSeng-kjv2006.usfm
[2026-05-12T22:02:51.308Z] Lendo 30-JOLeng-kjv2006.usfm
[2026-05-12T22:02:51.310Z] Lendo 31-AMOeng-kjv2006.usfm
[2026-05-12T22:02:51.311Z] Lendo 32-OBAeng-kjv2006.usfm
[2026-05-12T22:02:51.312Z] Lendo 33-JONeng-kjv2006.usfm
[2026-05-12T22:02:51.313Z] Lendo 34-MICeng-kjv2006.usfm
[2026-05-12T22:02:51.314Z] Lendo 35-NAMeng-kjv2006.usfm
[2026-05-12T22:02:51.315Z] Lendo 36-HABeng-kjv2006.usfm
[2026-05-12T22:02:51.316Z] Lendo 37-ZEPeng-kjv2006.usfm
[2026-05-12T22:02:51.317Z] Lendo 38-HAGeng-kjv2006.usfm
[2026-05-12T22:02:51.317Z] Lendo 39-ZECeng-kjv2006.usfm
[2026-05-12T22:02:51.321Z] Lendo 40-MALeng-kjv2006.usfm
[2026-05-12T22:02:51.323Z] Lendo 70-MATeng-kjv2006.usfm
[2026-05-12T22:02:51.330Z] Lendo 71-MRKeng-kjv2006.usfm
[2026-05-12T22:02:51.335Z] Lendo 72-LUKeng-kjv2006.usfm
[2026-05-12T22:02:51.345Z] Lendo 73-JHNeng-kjv2006.usfm
[2026-05-12T22:02:51.351Z] Lendo 74-ACTeng-kjv2006.usfm
[2026-05-12T22:02:51.359Z] Lendo 75-ROMeng-kjv2006.usfm
[2026-05-12T22:02:51.367Z] Lendo 76-1COeng-kjv2006.usfm
[2026-05-12T22:02:51.370Z] Lendo 77-2COeng-kjv2006.usfm
[2026-05-12T22:02:51.372Z] Lendo 78-GALeng-kjv2006.usfm
[2026-05-12T22:02:51.374Z] Lendo 79-EPHeng-kjv2006.usfm
[2026-05-12T22:02:51.376Z] Lendo 80-PHPeng-kjv2006.usfm
[2026-05-12T22:02:51.377Z] Lendo 81-COLeng-kjv2006.usfm
[2026-05-12T22:02:51.379Z] Lendo 82-1THeng-kjv2006.usfm
[2026-05-12T22:02:51.380Z] Lendo 83-2THeng-kjv2006.usfm
[2026-05-12T22:02:51.381Z] Lendo 84-1TIeng-kjv2006.usfm
[2026-05-12T22:02:51.382Z] Lendo 85-2TIeng-kjv2006.usfm
[2026-05-12T22:02:51.383Z] Lendo 86-TITeng-kjv2006.usfm
[2026-05-12T22:02:51.385Z] Lendo 87-PHMeng-kjv2006.usfm
[2026-05-12T22:02:51.385Z] Lendo 88-HEBeng-kjv2006.usfm
[2026-05-12T22:02:51.388Z] Lendo 89-JASeng-kjv2006.usfm
[2026-05-12T22:02:51.390Z] Lendo 90-1PEeng-kjv2006.usfm
[2026-05-12T22:02:51.394Z] Lendo 91-2PEeng-kjv2006.usfm
[2026-05-12T22:02:51.395Z] Lendo 92-1JNeng-kjv2006.usfm
[2026-05-12T22:02:51.397Z] Lendo 93-2JNeng-kjv2006.usfm
[2026-05-12T22:02:51.397Z] Lendo 94-3JNeng-kjv2006.usfm
[2026-05-12T22:02:51.398Z] Lendo 95-JUDeng-kjv2006.usfm
[2026-05-12T22:02:51.399Z] Lendo 96-REVeng-kjv2006.usfm
[2026-05-12T22:02:51.404Z] Total de versículos: 31102
[2026-05-12T22:03:09.458Z] Versão KJV2006 importada.
[2026-05-12T22:03:09.458Z] Importação finalizada.
[2026-05-12T22:04:21.018Z] Importando versão BSB
[2026-05-12T22:04:21.124Z] Lendo 1CH.usfm
[2026-05-12T22:04:21.129Z] Lendo 1CO.usfm
[2026-05-12T22:04:21.132Z] Lendo 1JN.usfm
[2026-05-12T22:04:21.133Z] Lendo 1KI.usfm
[2026-05-12T22:04:21.140Z] Lendo 1PE.usfm
[2026-05-12T22:04:21.142Z] Lendo 1SA.usfm
[2026-05-12T22:04:21.146Z] Lendo 1TH.usfm
[2026-05-12T22:04:21.147Z] Lendo 1TI.usfm
[2026-05-12T22:04:21.148Z] Lendo 2CH.usfm
[2026-05-12T22:04:21.153Z] Lendo 2CO.usfm
[2026-05-12T22:04:21.155Z] Lendo 2JN.usfm
[2026-05-12T22:04:21.155Z] Lendo 2KI.usfm
[2026-05-12T22:04:21.162Z] Lendo 2PE.usfm
[2026-05-12T22:04:21.163Z] Lendo 2SA.usfm
[2026-05-12T22:04:21.166Z] Lendo 2TH.usfm
[2026-05-12T22:04:21.167Z] Lendo 2TI.usfm
[2026-05-12T22:04:21.168Z] Lendo 3JN.usfm
[2026-05-12T22:04:21.168Z] Lendo ACT.usfm
[2026-05-12T22:04:21.172Z] Lendo AMO.usfm
[2026-05-12T22:04:21.173Z] Lendo COL.usfm
[2026-05-12T22:04:21.174Z] Lendo DAN.usfm
[2026-05-12T22:04:21.176Z] Lendo DEU.usfm
[2026-05-12T22:04:21.182Z] Lendo ECC.usfm
[2026-05-12T22:04:21.183Z] Lendo EPH.usfm
[2026-05-12T22:04:21.184Z] Lendo EST.usfm
[2026-05-12T22:04:21.185Z] Lendo EXO.usfm
[2026-05-12T22:04:21.192Z] Lendo EZK.usfm
[2026-05-12T22:04:21.199Z] Lendo EZR.usfm
[2026-05-12T22:04:21.201Z] Lendo GAL.usfm
[2026-05-12T22:04:21.202Z] Lendo GEN.usfm
[2026-05-12T22:04:21.212Z] Lendo HAB.usfm
[2026-05-12T22:04:21.212Z] Lendo HAG.usfm
[2026-05-12T22:04:21.213Z] Lendo HEB.usfm
[2026-05-12T22:04:21.214Z] Lendo HOS.usfm
[2026-05-12T22:04:21.215Z] Lendo ISA.usfm
[2026-05-12T22:04:21.221Z] Lendo JAS.usfm
[2026-05-12T22:04:21.222Z] Lendo JDG.usfm
[2026-05-12T22:04:21.225Z] Lendo JER.usfm
[2026-05-12T22:04:21.232Z] Lendo JHN.usfm
[2026-05-12T22:04:21.238Z] Lendo JOB.usfm
[2026-05-12T22:04:21.242Z] Lendo JOL.usfm
[2026-05-12T22:04:21.243Z] Lendo JON.usfm
[2026-05-12T22:04:21.244Z] Lendo JOS.usfm
[2026-05-12T22:04:21.247Z] Lendo JUD.usfm
[2026-05-12T22:04:21.247Z] Lendo LAM.usfm
[2026-05-12T22:04:21.248Z] Lendo LEV.usfm
[2026-05-12T22:04:21.253Z] Lendo LUK.usfm
[2026-05-12T22:04:21.259Z] Lendo MAL.usfm
[2026-05-12T22:04:21.259Z] Lendo MAT.usfm
[2026-05-12T22:04:21.266Z] Lendo MIC.usfm
[2026-05-12T22:04:21.267Z] Lendo MRK.usfm
[2026-05-12T22:04:21.271Z] Lendo NAM.usfm
[2026-05-12T22:04:21.271Z] Lendo NEH.usfm
[2026-05-12T22:04:21.273Z] Lendo NUM.usfm
[2026-05-12T22:04:21.279Z] Lendo OBA.usfm
[2026-05-12T22:04:21.280Z] Lendo PHM.usfm
[2026-05-12T22:04:21.280Z] Lendo PHP.usfm
[2026-05-12T22:04:21.281Z] Lendo PRO.usfm
[2026-05-12T22:04:21.284Z] Lendo PSA.usfm
[2026-05-12T22:04:21.294Z] Lendo REV.usfm
[2026-05-12T22:04:21.297Z] Lendo ROM.usfm
[2026-05-12T22:04:21.299Z] Lendo RUT.usfm
[2026-05-12T22:04:21.299Z] Lendo SNG.usfm
[2026-05-12T22:04:21.300Z] Lendo TIT.usfm
[2026-05-12T22:04:21.301Z] Lendo ZEC.usfm
[2026-05-12T22:04:21.302Z] Lendo ZEP.usfm
[2026-05-12T22:04:21.303Z] Total de versículos: 31086
[2026-05-12T22:04:38.702Z] Versão BSB importada.
[2026-05-12T22:04:38.703Z] Importando versão KJV2006
[2026-05-12T22:04:38.777Z] Lendo 02-GENeng-kjv2006.usfm
[2026-05-12T22:04:38.789Z] Lendo 03-EXOeng-kjv2006.usfm
[2026-05-12T22:04:38.800Z] Lendo 04-LEVeng-kjv2006.usfm
[2026-05-12T22:04:38.808Z] Lendo 05-NUMeng-kjv2006.usfm
[2026-05-12T22:04:38.820Z] Lendo 06-DEUeng-kjv2006.usfm
[2026-05-12T22:04:38.831Z] Lendo 07-JOSeng-kjv2006.usfm
[2026-05-12T22:04:38.839Z] Lendo 08-JDGeng-kjv2006.usfm
[2026-05-12T22:04:38.845Z] Lendo 09-RUTeng-kjv2006.usfm
[2026-05-12T22:04:38.847Z] Lendo 10-1SAeng-kjv2006.usfm
[2026-05-12T22:04:38.856Z] Lendo 11-2SAeng-kjv2006.usfm
[2026-05-12T22:04:38.863Z] Lendo 12-1KIeng-kjv2006.usfm
[2026-05-12T22:04:38.872Z] Lendo 13-2KIeng-kjv2006.usfm
[2026-05-12T22:04:38.881Z] Lendo 14-1CHeng-kjv2006.usfm
[2026-05-12T22:04:38.888Z] Lendo 15-2CHeng-kjv2006.usfm
[2026-05-12T22:04:38.896Z] Lendo 16-EZReng-kjv2006.usfm
[2026-05-12T22:04:38.899Z] Lendo 17-NEHeng-kjv2006.usfm
[2026-05-12T22:04:38.902Z] Lendo 18-ESTeng-kjv2006.usfm
[2026-05-12T22:04:38.906Z] Lendo 19-JOBeng-kjv2006.usfm
[2026-05-12T22:04:38.913Z] Lendo 20-PSAeng-kjv2006.usfm
[2026-05-12T22:04:38.930Z] Lendo 21-PROeng-kjv2006.usfm
[2026-05-12T22:04:38.936Z] Lendo 22-ECCeng-kjv2006.usfm
[2026-05-12T22:04:38.939Z] Lendo 23-SNGeng-kjv2006.usfm
[2026-05-12T22:04:38.940Z] Lendo 24-ISAeng-kjv2006.usfm
[2026-05-12T22:04:38.953Z] Lendo 25-JEReng-kjv2006.usfm
[2026-05-12T22:04:38.978Z] Lendo 26-LAMeng-kjv2006.usfm
[2026-05-12T22:04:38.980Z] Lendo 27-EZKeng-kjv2006.usfm
[2026-05-12T22:04:38.997Z] Lendo 28-DANeng-kjv2006.usfm
[2026-05-12T22:04:39.004Z] Lendo 29-HOSeng-kjv2006.usfm
[2026-05-12T22:04:39.006Z] Lendo 30-JOLeng-kjv2006.usfm
[2026-05-12T22:04:39.007Z] Lendo 31-AMOeng-kjv2006.usfm
[2026-05-12T22:04:39.009Z] Lendo 32-OBAeng-kjv2006.usfm
[2026-05-12T22:04:39.009Z] Lendo 33-JONeng-kjv2006.usfm
[2026-05-12T22:04:39.010Z] Lendo 34-MICeng-kjv2006.usfm
[2026-05-12T22:04:39.011Z] Lendo 35-NAMeng-kjv2006.usfm
[2026-05-12T22:04:39.012Z] Lendo 36-HABeng-kjv2006.usfm
[2026-05-12T22:04:39.012Z] Lendo 37-ZEPeng-kjv2006.usfm
[2026-05-12T22:04:39.013Z] Lendo 38-HAGeng-kjv2006.usfm
[2026-05-12T22:04:39.014Z] Lendo 39-ZECeng-kjv2006.usfm
[2026-05-12T22:04:39.016Z] Lendo 40-MALeng-kjv2006.usfm
[2026-05-12T22:04:39.018Z] Lendo 70-MATeng-kjv2006.usfm
[2026-05-12T22:04:39.034Z] Lendo 71-MRKeng-kjv2006.usfm
[2026-05-12T22:04:39.042Z] Lendo 72-LUKeng-kjv2006.usfm
[2026-05-12T22:04:39.052Z] Lendo 73-JHNeng-kjv2006.usfm
[2026-05-12T22:04:39.060Z] Lendo 74-ACTeng-kjv2006.usfm
[2026-05-12T22:04:39.070Z] Lendo 75-ROMeng-kjv2006.usfm
[2026-05-12T22:04:39.073Z] Lendo 76-1COeng-kjv2006.usfm
[2026-05-12T22:04:39.077Z] Lendo 77-2COeng-kjv2006.usfm
[2026-05-12T22:04:39.079Z] Lendo 78-GALeng-kjv2006.usfm
[2026-05-12T22:04:39.081Z] Lendo 79-EPHeng-kjv2006.usfm
[2026-05-12T22:04:39.082Z] Lendo 80-PHPeng-kjv2006.usfm
[2026-05-12T22:04:39.083Z] Lendo 81-COLeng-kjv2006.usfm
[2026-05-12T22:04:39.084Z] Lendo 82-1THeng-kjv2006.usfm
[2026-05-12T22:04:39.084Z] Lendo 83-2THeng-kjv2006.usfm
[2026-05-12T22:04:39.085Z] Lendo 84-1TIeng-kjv2006.usfm
[2026-05-12T22:04:39.086Z] Lendo 85-2TIeng-kjv2006.usfm
[2026-05-12T22:04:39.087Z] Lendo 86-TITeng-kjv2006.usfm
[2026-05-12T22:04:39.087Z] Lendo 87-PHMeng-kjv2006.usfm
[2026-05-12T22:04:39.088Z] Lendo 88-HEBeng-kjv2006.usfm
[2026-05-12T22:04:39.090Z] Lendo 89-JASeng-kjv2006.usfm
[2026-05-12T22:04:39.091Z] Lendo 90-1PEeng-kjv2006.usfm
[2026-05-12T22:04:39.092Z] Lendo 91-2PEeng-kjv2006.usfm
[2026-05-12T22:04:39.093Z] Lendo 92-1JNeng-kjv2006.usfm
[2026-05-12T22:04:39.094Z] Lendo 93-2JNeng-kjv2006.usfm
[2026-05-12T22:04:39.094Z] Lendo 94-3JNeng-kjv2006.usfm
[2026-05-12T22:04:39.094Z] Lendo 95-JUDeng-kjv2006.usfm
[2026-05-12T22:04:39.095Z] Lendo 96-REVeng-kjv2006.usfm
[2026-05-12T22:04:39.100Z] Total de versículos: 31102
[2026-05-12T22:04:54.536Z] Versão KJV2006 importada.
[2026-05-12T22:04:54.536Z] Importação finalizada.
[2026-05-12T22:08:59.109Z] Importando versão BSB
[2026-05-12T22:08:59.186Z] Lendo 1CH.usfm
[2026-05-12T22:08:59.191Z] Lendo 1CO.usfm
[2026-05-12T22:08:59.194Z] Lendo 1JN.usfm
[2026-05-12T22:08:59.195Z] Lendo 1KI.usfm
[2026-05-12T22:08:59.202Z] Lendo 1PE.usfm
[2026-05-12T22:08:59.203Z] Lendo 1SA.usfm
[2026-05-12T22:08:59.208Z] Lendo 1TH.usfm
[2026-05-12T22:08:59.209Z] Lendo 1TI.usfm
[2026-05-12T22:08:59.210Z] Lendo 2CH.usfm
[2026-05-12T22:08:59.215Z] Lendo 2CO.usfm
[2026-05-12T22:08:59.217Z] Lendo 2JN.usfm
[2026-05-12T22:08:59.217Z] Lendo 2KI.usfm
[2026-05-12T22:08:59.223Z] Lendo 2PE.usfm
[2026-05-12T22:08:59.224Z] Lendo 2SA.usfm
[2026-05-12T22:08:59.229Z] Lendo 2TH.usfm
[2026-05-12T22:08:59.230Z] Lendo 2TI.usfm
[2026-05-12T22:08:59.230Z] Lendo 3JN.usfm
[2026-05-12T22:08:59.230Z] Lendo ACT.usfm
[2026-05-12T22:08:59.235Z] Lendo AMO.usfm
[2026-05-12T22:08:59.236Z] Lendo COL.usfm
[2026-05-12T22:08:59.237Z] Lendo DAN.usfm
[2026-05-12T22:08:59.240Z] Lendo DEU.usfm
[2026-05-12T22:08:59.244Z] Lendo ECC.usfm
[2026-05-12T22:08:59.246Z] Lendo EPH.usfm
[2026-05-12T22:08:59.247Z] Lendo EST.usfm
[2026-05-12T22:08:59.249Z] Lendo EXO.usfm
[2026-05-12T22:08:59.255Z] Lendo EZK.usfm
[2026-05-12T22:08:59.261Z] Lendo EZR.usfm
[2026-05-12T22:08:59.263Z] Lendo GAL.usfm
[2026-05-12T22:08:59.264Z] Lendo GEN.usfm
[2026-05-12T22:08:59.272Z] Lendo HAB.usfm
[2026-05-12T22:08:59.273Z] Lendo HAG.usfm
[2026-05-12T22:08:59.274Z] Lendo HEB.usfm
[2026-05-12T22:08:59.275Z] Lendo HOS.usfm
[2026-05-12T22:08:59.276Z] Lendo ISA.usfm
[2026-05-12T22:08:59.282Z] Lendo JAS.usfm
[2026-05-12T22:08:59.283Z] Lendo JDG.usfm
[2026-05-12T22:08:59.286Z] Lendo JER.usfm
[2026-05-12T22:08:59.293Z] Lendo JHN.usfm
[2026-05-12T22:08:59.298Z] Lendo JOB.usfm
[2026-05-12T22:08:59.302Z] Lendo JOL.usfm
[2026-05-12T22:08:59.303Z] Lendo JON.usfm
[2026-05-12T22:08:59.303Z] Lendo JOS.usfm
[2026-05-12T22:08:59.306Z] Lendo JUD.usfm
[2026-05-12T22:08:59.307Z] Lendo LAM.usfm
[2026-05-12T22:08:59.308Z] Lendo LEV.usfm
[2026-05-12T22:08:59.312Z] Lendo LUK.usfm
[2026-05-12T22:08:59.317Z] Lendo MAL.usfm
[2026-05-12T22:08:59.318Z] Lendo MAT.usfm
[2026-05-12T22:08:59.325Z] Lendo MIC.usfm
[2026-05-12T22:08:59.326Z] Lendo MRK.usfm
[2026-05-12T22:08:59.329Z] Lendo NAM.usfm
[2026-05-12T22:08:59.330Z] Lendo NEH.usfm
[2026-05-12T22:08:59.332Z] Lendo NUM.usfm
[2026-05-12T22:08:59.337Z] Lendo OBA.usfm
[2026-05-12T22:08:59.338Z] Lendo PHM.usfm
[2026-05-12T22:08:59.338Z] Lendo PHP.usfm
[2026-05-12T22:08:59.338Z] Lendo PRO.usfm
[2026-05-12T22:08:59.342Z] Lendo PSA.usfm
[2026-05-12T22:08:59.351Z] Lendo REV.usfm
[2026-05-12T22:08:59.354Z] Lendo ROM.usfm
[2026-05-12T22:08:59.356Z] Lendo RUT.usfm
[2026-05-12T22:08:59.357Z] Lendo SNG.usfm
[2026-05-12T22:08:59.358Z] Lendo TIT.usfm
[2026-05-12T22:08:59.358Z] Lendo ZEC.usfm
[2026-05-12T22:08:59.359Z] Lendo ZEP.usfm
[2026-05-12T22:08:59.360Z] Total de versículos: 31086
[2026-05-12T22:09:13.530Z] Versão BSB importada.
[2026-05-12T22:09:13.530Z] Importando versão KJV2006
[2026-05-12T22:09:13.592Z] Lendo 02-GENeng-kjv2006.usfm
[2026-05-12T22:09:13.605Z] Lendo 03-EXOeng-kjv2006.usfm
[2026-05-12T22:09:13.617Z] Lendo 04-LEVeng-kjv2006.usfm
[2026-05-12T22:09:13.624Z] Lendo 05-NUMeng-kjv2006.usfm
[2026-05-12T22:09:13.637Z] Lendo 06-DEUeng-kjv2006.usfm
[2026-05-12T22:09:13.645Z] Lendo 07-JOSeng-kjv2006.usfm
[2026-05-12T22:09:13.650Z] Lendo 08-JDGeng-kjv2006.usfm
[2026-05-12T22:09:13.658Z] Lendo 09-RUTeng-kjv2006.usfm
[2026-05-12T22:09:13.660Z] Lendo 10-1SAeng-kjv2006.usfm
[2026-05-12T22:09:13.667Z] Lendo 11-2SAeng-kjv2006.usfm
[2026-05-12T22:09:13.673Z] Lendo 12-1KIeng-kjv2006.usfm
[2026-05-12T22:09:13.681Z] Lendo 13-2KIeng-kjv2006.usfm
[2026-05-12T22:09:13.690Z] Lendo 14-1CHeng-kjv2006.usfm
[2026-05-12T22:09:13.697Z] Lendo 15-2CHeng-kjv2006.usfm
[2026-05-12T22:09:13.705Z] Lendo 16-EZReng-kjv2006.usfm
[2026-05-12T22:09:13.708Z] Lendo 17-NEHeng-kjv2006.usfm
[2026-05-12T22:09:13.712Z] Lendo 18-ESTeng-kjv2006.usfm
[2026-05-12T22:09:13.714Z] Lendo 19-JOBeng-kjv2006.usfm
[2026-05-12T22:09:13.721Z] Lendo 20-PSAeng-kjv2006.usfm
[2026-05-12T22:09:13.742Z] Lendo 21-PROeng-kjv2006.usfm
[2026-05-12T22:09:13.748Z] Lendo 22-ECCeng-kjv2006.usfm
[2026-05-12T22:09:13.751Z] Lendo 23-SNGeng-kjv2006.usfm
[2026-05-12T22:09:13.752Z] Lendo 24-ISAeng-kjv2006.usfm
[2026-05-12T22:09:13.763Z] Lendo 25-JEReng-kjv2006.usfm
[2026-05-12T22:09:13.777Z] Lendo 26-LAMeng-kjv2006.usfm
[2026-05-12T22:09:13.778Z] Lendo 27-EZKeng-kjv2006.usfm
[2026-05-12T22:09:13.790Z] Lendo 28-DANeng-kjv2006.usfm
[2026-05-12T22:09:13.795Z] Lendo 29-HOSeng-kjv2006.usfm
[2026-05-12T22:09:13.797Z] Lendo 30-JOLeng-kjv2006.usfm
[2026-05-12T22:09:13.798Z] Lendo 31-AMOeng-kjv2006.usfm
[2026-05-12T22:09:13.800Z] Lendo 32-OBAeng-kjv2006.usfm
[2026-05-12T22:09:13.800Z] Lendo 33-JONeng-kjv2006.usfm
[2026-05-12T22:09:13.801Z] Lendo 34-MICeng-kjv2006.usfm
[2026-05-12T22:09:13.802Z] Lendo 35-NAMeng-kjv2006.usfm
[2026-05-12T22:09:13.803Z] Lendo 36-HABeng-kjv2006.usfm
[2026-05-12T22:09:13.803Z] Lendo 37-ZEPeng-kjv2006.usfm
[2026-05-12T22:09:13.804Z] Lendo 38-HAGeng-kjv2006.usfm
[2026-05-12T22:09:13.805Z] Lendo 39-ZECeng-kjv2006.usfm
[2026-05-12T22:09:13.807Z] Lendo 40-MALeng-kjv2006.usfm
[2026-05-12T22:09:13.808Z] Lendo 70-MATeng-kjv2006.usfm
[2026-05-12T22:09:13.816Z] Lendo 71-MRKeng-kjv2006.usfm
[2026-05-12T22:09:13.824Z] Lendo 72-LUKeng-kjv2006.usfm
[2026-05-12T22:09:13.833Z] Lendo 73-JHNeng-kjv2006.usfm
[2026-05-12T22:09:13.841Z] Lendo 74-ACTeng-kjv2006.usfm
[2026-05-12T22:09:13.851Z] Lendo 75-ROMeng-kjv2006.usfm
[2026-05-12T22:09:13.854Z] Lendo 76-1COeng-kjv2006.usfm
[2026-05-12T22:09:13.858Z] Lendo 77-2COeng-kjv2006.usfm
[2026-05-12T22:09:13.860Z] Lendo 78-GALeng-kjv2006.usfm
[2026-05-12T22:09:13.861Z] Lendo 79-EPHeng-kjv2006.usfm
[2026-05-12T22:09:13.863Z] Lendo 80-PHPeng-kjv2006.usfm
[2026-05-12T22:09:13.864Z] Lendo 81-COLeng-kjv2006.usfm
[2026-05-12T22:09:13.865Z] Lendo 82-1THeng-kjv2006.usfm
[2026-05-12T22:09:13.866Z] Lendo 83-2THeng-kjv2006.usfm
[2026-05-12T22:09:13.866Z] Lendo 84-1TIeng-kjv2006.usfm
[2026-05-12T22:09:13.867Z] Lendo 85-2TIeng-kjv2006.usfm
[2026-05-12T22:09:13.868Z] Lendo 86-TITeng-kjv2006.usfm
[2026-05-12T22:09:13.868Z] Lendo 87-PHMeng-kjv2006.usfm
[2026-05-12T22:09:13.869Z] Lendo 88-HEBeng-kjv2006.usfm
[2026-05-12T22:09:13.871Z] Lendo 89-JASeng-kjv2006.usfm
[2026-05-12T22:09:13.872Z] Lendo 90-1PEeng-kjv2006.usfm
[2026-05-12T22:09:13.873Z] Lendo 91-2PEeng-kjv2006.usfm
[2026-05-12T22:09:13.874Z] Lendo 92-1JNeng-kjv2006.usfm
[2026-05-12T22:09:13.877Z] Lendo 93-2JNeng-kjv2006.usfm
[2026-05-12T22:09:13.877Z] Lendo 94-3JNeng-kjv2006.usfm
[2026-05-12T22:09:13.877Z] Lendo 95-JUDeng-kjv2006.usfm
[2026-05-12T22:09:13.878Z] Lendo 96-REVeng-kjv2006.usfm
[2026-05-12T22:09:13.881Z] Total de versículos: 31102
[2026-05-12T22:09:27.670Z] Versão KJV2006 importada.
[2026-05-12T22:09:27.670Z] Importação finalizada.
